Arguments: 
  C:\Program Files (x86)\nodejs\node.exe C:\Users\vbh19\AppData\Roaming\npm\node_modules\yarn\bin\yarn.js add formidable

PATH: 
  C:\Users\vbh19\bin;C:\Program Files\Git\mingw64\bin;C:\Program Files\Git\usr\local\bin;C:\Program Files\Git\usr\bin;C:\Program Files\Git\usr\bin;C:\Program Files\Git\mingw64\bin;C:\Program Files\Git\usr\bin;C:\Users\vbh19\bin;C:\Program Files\Common Files\Oracle\Java\javapath;C:\WINDOWS\system32;C:\WINDOWS;C:\WINDOWS\System32\Wbem;C:\WINDOWS\System32\WindowsPowerShell\v1.0;C:\WINDOWS\System32\OpenSSH;C:\Users\vbh19\AppData\Local\Programs\Python\Python39;C:\Program Files (x86)\Dev-Cpp\MinGW64;C:\Program Files\Git\cmd;C:\Program Files (x86)\nodejs;C:\Users\vbh19\AppData\Local\Programs\Python\Python39\Scripts;C:\Users\vbh19\AppData\Local\Programs\Python\Python39;C:\Users\vbh19\AppData\Local\Microsoft\WindowsApps;C:\Users\vbh19\AppData\Local\Programs\Microsoft VS Code\bin;C:\Users\vbh19\AppData\Roaming\npm;C:\Program Files\Git\usr\bin\vendor_perl;C:\Program Files\Git\usr\bin\core_perl

Yarn version: 
  1.22.10

Node version: 
  14.16.1

Platform: 
  win32 ia32

Trace: 
  Error: EPERM: operation not permitted, unlink 'D:\Toi La Huong\Shopppppp\backend\node_modules\bcrypt\lib\binding\napi-v3\bcrypt_lib.node'

npm manifest: 
  {
    "name": "backend",
    "version": "1.0.0",
    "description": "",
    "main": "index.js",
    "scripts": {
      "start": "nodemon server",
      "test": "echo \"Error: no test specified\" && exit 1"
    },
    "author": "",
    "license": "ISC",
    "dependencies": {
      "bcrypt": "^5.0.1",
      "body-parser": "^1.19.0",
      "cookie-parser": "^1.4.5",
      "cors": "^2.8.5",
      "csurf": "^1.11.0",
      "dotenv": "^9.0.2",
      "express": "^4.17.1",
      "express-session": "^1.17.2",
      "express-validator": "^6.11.1",
      "fs": "0.0.1-security",
      "jsonwebtoken": "^8.5.1",
      "mysql2": "^2.2.5",
      "passport": "^0.4.1",
      "passport-jwt": "^4.0.0",
      "sequelize": "^6.6.2",
      "sequelize-cli": "^6.2.0",
      "slug": "^5.0.1"
    },
    "devDependencies": {
      "nodemon": "^2.0.7"
    }
  }

yarn manifest: 
  No manifest

Lockfile: 
  No lockfile
